atchingModularRealmAuthorizer - Realm: XmlAuthenticatingRealm user: anonymous does NOT have permission: nexus:target:npm:bower-registry:read
2016-03-24 22:04:02,482+0000 TRACE [qtp374387661-53] anonymous org.apache.shiro.realm.AuthorizingRealm - Retrieving AuthorizationInfo for principals [anonymous]
2016-03-24 22:04:02,482+0000 TRACE [qtp374387661-53] anonymous org.apache.shiro.realm.AuthorizingRealm - Attempting to retrieve the AuthorizationInfo from cache.
2016-03-24 22:04:02,482+0000 TRACE [qtp374387661-53] anonymous org.apache.shiro.cache.ehcache.EhCache - Getting object from cache [XmlAuthorizingRealm.authorizationCache] for key [anonymous]
2016-03-24 22:04:02,482+0000 TRACE [qtp374387661-53] anonymous org.apache.shiro.realm.AuthorizingRealm - AuthorizationInfo found in cache for principals [anonymous]
2016-03-24 22:04:02,482+0000 TRACE [qtp374387661-53] anonymous org.sonatype.security.authorization.ExceptionCatchingModularRealmAuthorizer - Realm: XmlAuthorizingRealm user: anonymous does NOT have permission: nexus:target:npm:bower-registry:read
2016-03-24 22:04:02,483+0000 TRACE [qtp374387661-53] anonymous org.apache.shiro.subject.support.DelegatingSubject - attempting to get session; create = false; session is null = true; session has id = false
2016-03-24 22:04:02,483+0000 TRACE [qtp374387661-53] anonymous org.apache.shiro.subject.support.DelegatingSubject - attempting to get session; create = false; session is null = true; session has id = false
2016-03-24 22:04:02,483+0000 TRACE [qtp374387661-53] anonymous org.apache.shiro.realm.AuthorizingRealm - Retrieving AuthorizationInfo for principals [anonymous]
2016-03-24 22:04:02,483+0000 TRACE [qtp374387661-53] anonymous org.apache.shiro.realm.AuthorizingRealm - Attempting to retrieve the AuthorizationInfo from cache.
2016-03-24 22:04:02,483+0000 TRACE [qtp374387661-53] anonymous org.apache.shiro.cache.ehcache.EhCache - Getting object from cache [XmlAuthenticatingRealm.authorizationCache] for key [anonymous]
2016-03-24 22:04:02,483+0000 TRACE [qtp374387661-53] anonymous org.apache.shiro.cache.ehcache.EhCache - Element for [anonymous] is null.
2016-03-24 22:04:02,483+0000 TRACE [qtp374387661-53] anonymous org.apache.shiro.realm.AuthorizingRealm - No AuthorizationInfo found in cache for principals [anonymous]
2016-03-24 22:04:02,483+0000 TRACE [qtp374387661-53] anonymous org.sonatype.security.authorization.ExceptionCatchingModularRealmAuthorizer - Realm: XmlAuthenticatingRealm user: anonymous does NOT have permission: nexus:target:any:bower-registry:read
2016-03-24 22:04:02,483+0000 TRACE [qtp374387661-53] anonymous org.apache.shiro.realm.AuthorizingRealm - Retrieving AuthorizationInfo for principals [anonymous]
2016-03-24 22:04:02,483+0000 TRACE [qtp374387661-53] anonymous org.apache.shiro.realm.AuthorizingRealm - Attempting to retrieve the AuthorizationInfo from cache.
2016-03-24 22:04:02,483+0000 TRACE [qtp374387661-53] anonymous org.apache.shiro.cache.ehcache.EhCache - Getting object from cache [XmlAuthorizingRealm.authorizationCache] for key [anonymous]
2016-03-24 22:04:02,483+0000 TRACE [qtp374387661-53] anonymous org.apache.shiro.realm.AuthorizingRealm - AuthorizationInfo found in cache for principals [anonymous]
2016-03-24 22:04:02,483+0000 TRACE [qtp374387661-53] anonymous org.sonatype.security.authorization.ExceptionCatchingModularRealmAuthorizer - Realm: XmlAuthorizingRealm user: anonymous has permission: nexus:target:any:bower-registry:read
2016-03-24 22:04:02,483+0000 TRACE [qtp374387661-53] anonymous org.apache.shiro.subject.support.DelegatingSubject - attempting to get session; create = false; session is null = true; session has id = false
2016-03-24 22:04:02,483+0000 TRACE [qtp374387661-53] anonymous org.sonatype.nexus.proxy.access.DefaultNexusItemAuthorizer - Subject 'anonymous' has permission: nexus:target:any:bower-registry:read; allowing
2016-03-24 22:04:02,483+0000 DEBUG [qtp374387661-53] anonymous com.bolyuba.nexus.plugin.npm.proxy.DefaultNpmProxyRepository - bower-registry.retrieveItem() :: ResourceStoreRequest{requestPath='/extend', requestContext=RequestContext{this=org.sonatype.nexus.proxy.RequestContext@789a2064, parent=null}, pathStack=[/repositories/bower-registry/extend], processedRepositories=[], appliedMappings={}}
2016-03-24 22:04:02,483+0000 DEBUG [qtp374387661-53] anonymous com.bolyuba.nexus.plugin.npm.proxy.DefaultNpmProxyRepository - ResourceStoreRequest{requestPath='/extend', requestContext=RequestContext{this=org.sonatype.nexus.proxy.RequestContext@789a2064, parent=null}, pathStack=[/repositories/bower-registry/extend], processedRepositories=[bower-registry], appliedMappings={}} :: localOnly=false, remoteOnly=false, asExpired=false, ProxyMode=BLOCKED_AUTO
2016-03-24 22:04:02,483+0000 DEBUG [qtp374387661-53] anonymous com.bolyuba.nexus.plugin.npm.proxy.DefaultNpmProxyRepository - Serving package extend root...
2016-03-24 22:04:02,490+0000 DEBUG [qtp374387661-53] anonymous org.sonatype.sisu.goodies.eventbus.internal.DefaultEventBus - Event 'RepositoryItemEventRetrieve(sender="Bower Registry" [id=bower-registry], bower-registry:/extend)' fired
2016-03-24 22:04:02,490+0000 TRACE [qtp374387661-53] anonymous org.sonatype.sisu.goodies.eventbus.internal.DefaultEventBus - Dispatching 'RepositoryItemEventRetrieve(sender="Bower Registry" [id=bower-registry], bower-registry:/extend)' to [wrapper public void org.sonatype.nexus.proxy.repository.AbstractShadowRepository.onRepositoryItemEvent(org.sonatype.nexus.proxy.events.RepositoryItemEvent)]
2016-03-24 22:04:02,490+0000 TRACE [qtp374387661-53] anonymous org.sonatype.sisu.goodies.eventbus.internal.DefaultEventBus - Dispatching 'RepositoryItemEventRetrieve(sender="Bower Registry" [id=bower-registry], bower-registry:/extend)' to [wrapper public void org.sonatype.nexus.notification.events.NotificationEventInspector.inspect(org.sonatype.nexus.events.Event)]
2016-03-24 22:04:02,490+0000 TRACE [qtp374387661-53] anonymous org.sonatype.sisu.goodies.eventbus.internal.DefaultEventBus - Dispatching 'RepositoryItemEventRetrieve(sender="Bower Registry" [id=bower-registry], bower-registry:/extend)' to [wrapper public void org.sonatype.nexus.events.EventSubscriberHost.onEvent(java.lang.Object)]
2016-03-24 22:04:02,490+0000 DEBUG [qtp374387661-53] anonymous com.bolyuba.nexus.plugin.npm.proxy.DefaultNpmProxyRepository - bower-registry retrieveItem() :: FOUND bower-registry:/extend
2016-03-24 22:04:02,491+0000 TRACE [qtp374387661-53] anonymous org.apache.shiro.web.servlet.AdviceFilter - Successfully invoked postHandle method
2016-03-24 22:04:02,492+0000 TRACE [qtp374387661-53] anonymous org.apache.shiro.web.servlet.AdviceFilter - Successfully invoked afterCompletion method.
2016-03-24 22:04:02,492+0000 TRACE [qtp374387661-53] anonymous org.apache.shiro.web.servlet.AdviceFilter - Successfully invoked postHandle method
2016-03-24 22:04:02,492+0000 TRACE [qtp374387661-53] anonymous org.apache.shiro.web.servlet.AdviceFilter - Successfully invoked afterCompletion method.
2016-03-24 22:04:02,492+0000 TRACE [qtp374387661-53] anonymous org.apache.shiro.web.servlet.AdviceFilter - Successfully invoked postHandle method
2016-03-24 22:04:02,492+0000 TRACE [qtp374387661-53] anonymous org.apache.shiro.web.servlet.AdviceFilter - Successfully invoked afterCompletion method.
